<?xml version="1.0" encoding="UTF-8"?>
<testsuite xmlns:xsi="http://www.w3.org/2001/XMLSchema-instance" xsi:noNamespaceSchemaLocation="https://maven.apache.org/surefire/maven-surefire-plugin/xsd/surefire-test-report-3.0.xsd" version="3.0" name="Activity Stream Page Filter And Search Functionality #2" time="108.628" tests="8" errors="2" skipped="0" failures="0">
  <properties>
[...]
</properties>
  <testcase name="User should be able to see default filters as &quot;my activity, work, favorite, announcements, and workflows&quot;." classname="Activity Stream Page Filter And Search Functionality #2" time="10.49">
    <system-out><![CDATA[Url = https://qa.azulcrm.com/stream/?login=yes
]]></system-out>
    <system-err><![CDATA[[pool-2-thread-1] INFO io.github.bonigarcia.wdm.WebDriverManager - Using chromedriver 103.0.5060.134 (resolved driver for Chrome 103)
[pool-2-thread-1] INFO io.github.bonigarcia.wdm.WebDriverManager - Exporting webdriver.chrome.driver as C:\Users\Mehmet\.cache\selenium\chromedriver\win32\103.0.5060.134\chromedriver.exe
Starting ChromeDriver 103.0.5060.134 (8ec6fce403b3feb0869b0732eda8bd95011d333c-refs/branch-heads/5060@{#1262}) on port 51660
Only local connections are allowed.
Please see https://chromedriver.chromium.org/security-considerations for suggestions on keeping ChromeDriver safe.
ChromeDriver was started successfully.
Ağu 01, 2022 7:59:23 ÖS org.openqa.selenium.remote.ProtocolHandshake createSession
INFO: Detected upstream dialect: W3C
Ağu 01, 2022 7:59:23 ÖS org.openqa.selenium.devtools.CdpVersionFinder findNearestMatch
WARNING: Unable to find an exact match for CDP version 103, so returning the closest version found: 102
Ağu 01, 2022 7:59:23 ÖS org.openqa.selenium.devtools.CdpVersionFinder findNearestMatch
INFO: Found CDP implementation for version 103 of 102
]]></system-err>
  </testcase>
  <testcase name="Users should be able to add and remove fields." classname="Activity Stream Page Filter And Search Functionality #2" time="10.436">
    <system-out><![CDATA[Url = https://qa.azulcrm.com/stream/?login=yes
Actual List: [Date, Type, Author, To, Favorites, Tag, Extranet]
Expected List: [Date, Type, Author, To, Favorites, Tag, Extranet]
Actual Removed List: [Date, Type, Author, To, Favorites, Tag, Extranet]
Expected Removed List: [Date, Type, Author, To, Favorites, Tag, Extranet]
]]></system-out>
    <system-err><![CDATA[[pool-2-thread-1] INFO io.github.bonigarcia.wdm.WebDriverManager - Using chromedriver 103.0.5060.134 (resolved driver for Chrome 103)
[pool-2-thread-1] INFO io.github.bonigarcia.wdm.WebDriverManager - Exporting webdriver.chrome.driver as C:\Users\Mehmet\.cache\selenium\chromedriver\win32\103.0.5060.134\chromedriver.exe
Starting ChromeDriver 103.0.5060.134 (8ec6fce403b3feb0869b0732eda8bd95011d333c-refs/branch-heads/5060@{#1262}) on port 59887
Only local connections are allowed.
Please see https://chromedriver.chromium.org/security-considerations for suggestions on keeping ChromeDriver safe.
ChromeDriver was started successfully.
Ağu 01, 2022 7:59:32 ÖS org.openqa.selenium.remote.ProtocolHandshake createSession
INFO: Detected upstream dialect: W3C
Ağu 01, 2022 7:59:32 ÖS org.openqa.selenium.devtools.CdpVersionFinder findNearestMatch
WARNING: Unable to find an exact match for CDP version 103, so returning the closest version found: 102
Ağu 01, 2022 7:59:32 ÖS org.openqa.selenium.devtools.CdpVersionFinder findNearestMatch
INFO: Found CDP implementation for version 103 of 102
]]></system-err>
  </testcase>
  <testcase name="User should be able to search by specifying the Date." classname="Activity Stream Page Filter And Search Functionality #2" time="27.33">
    <error message="Expected condition failed: waiting for element to be clickable: Proxy element for: DefaultElementLocator &apos;By.xpath: //div[@class=&apos;main-ui-control-field&apos;]&apos; (tried for 10 second(s) with 500 milliseconds interval)" type="org.openqa.selenium.TimeoutException"><![CDATA[org.openqa.selenium.TimeoutException: Expected condition failed: waiting for element to be clickable: Proxy element for: DefaultElementLocator 'By.xpath: //div[@class='main-ui-control-field']' (tried for 10 second(s) with 500 milliseconds interval)
Caused by: org.openqa.selenium.NoSuchElementException: 
no such element: Unable to locate element: {"method":"xpath","selector":"//div[@class='main-ui-control-field']"}
  (Session info: chrome=103.0.5060.134)
For documentation on this error, please visit: https://selenium.dev/exceptions/#no_such_element
Build info: version: '4.2.1', revision: 'ac4d0fdd4a'
System info: host: 'DESKTOP-7QBIO4H', ip: '192.168.1.38', os.name: 'Windows 10', os.arch: 'amd64', os.version: '10.0', java.version: '11.0.12'
Driver info: org.openqa.selenium.chrome.ChromeDriver
Command: [722a40b75a87cf38b6cbfc41a31ea2ec, findElement {using=xpath, value=//div[@class='main-ui-control-field']}]
Capabilities {acceptInsecureCerts: false, browserName: chrome, browserVersion: 103.0.5060.134, chrome: {chromedriverVersion: 103.0.5060.134 (8ec6fce403b..., userDataDir: C:\Users\Mehmet\AppData\Loc...}, goog:chromeOptions: {debuggerAddress: localhost:62533}, networkConnectionEnabled: false, pageLoadStrategy: normal, platformName: WINDOWS, proxy: Proxy(), se:cdp: ws://localhost:62533/devtoo..., se:cdpVersion: 103.0.5060.134, setWindowRect: true, strictFileInteractability: false, timeouts: {implicit: 0, pageLoad: 300000, script: 30000}, unhandledPromptBehavior: dismiss and notify, webauthn:extension:credBlob: true, webauthn:extension:largeBlob: true, webauthn:virtualAuthenticators: true}
Session ID: 722a40b75a87cf38b6cbfc41a31ea2ec
]]></error>
    <system-out><![CDATA[Url = https://qa.azulcrm.com/stream/?login=yes
]]></system-out>
    <system-err><![CDATA[[pool-2-thread-1] INFO io.github.bonigarcia.wdm.WebDriverManager - Using chromedriver 103.0.5060.134 (resolved driver for Chrome 103)
[pool-2-thread-1] INFO io.github.bonigarcia.wdm.WebDriverManager - Exporting webdriver.chrome.driver as C:\Users\Mehmet\.cache\selenium\chromedriver\win32\103.0.5060.134\chromedriver.exe
Starting ChromeDriver 103.0.5060.134 (8ec6fce403b3feb0869b0732eda8bd95011d333c-refs/branch-heads/5060@{#1262}) on port 51565
Only local connections are allowed.
Please see https://chromedriver.chromium.org/security-considerations for suggestions on keeping ChromeDriver safe.
ChromeDriver was started successfully.
Ağu 01, 2022 7:59:42 ÖS org.openqa.selenium.remote.ProtocolHandshake createSession
INFO: Detected upstream dialect: W3C
Ağu 01, 2022 7:59:42 ÖS org.openqa.selenium.devtools.CdpVersionFinder findNearestMatch
WARNING: Unable to find an exact match for CDP version 103, so returning the closest version found: 102
Ağu 01, 2022 7:59:42 ÖS org.openqa.selenium.devtools.CdpVersionFinder findNearestMatch
INFO: Found CDP implementation for version 103 of 102
]]></system-err>
  </testcase>
  <testcase name="User should be able to search by selecting single or multiple types." classname="Activity Stream Page Filter And Search Functionality #2" time="14.763">
    <error message="element click intercepted: Element &lt;div data-name=&quot;EVENT_ID&quot; data-params=&quot;{&amp;quot;isMulti&amp;quot;:true}&quot; data-items=&quot;[{&amp;quot;NAME&amp;quot;:&amp;quot;Posts&amp;quot;,&amp;quot;VALUE&amp;quot;:&amp;quot;blog_post&amp;quot;},{&amp;quot;NAME&amp;quot;:&amp;quot;Announcements&amp;quot;,&amp;quot;VALUE&amp;quot;:&amp;quot;blog_post_important&amp;quot;},{&amp;quot;NAME&amp;quot;:&amp;quot;Appreciations&amp;quot;,&amp;quot;VALUE&amp;quot;:&amp;quot;blog_post_grat&amp;quot;},{&amp;quot;NAME&amp;quot;:&amp;quot;Polls&amp;quot;,&amp;quot;VALUE&amp;quot;:&amp;quot;blog_post_vote&amp;quot;},{&amp;quot;NAME&amp;quot;:&amp;quot;Conversations&amp;quot;,&amp;quot;VALUE&amp;quot;:&amp;quot;forum&amp;quot;},{&amp;quot;NAME&amp;quot;:&amp;quot;Tasks&amp;quot;,&amp;quot;VALUE&amp;quot;:&amp;quot;tasks&amp;quot;},{&amp;quot;NAME&amp;quot;:&amp;quot;Working time management&amp;quot;,&amp;quot;VALUE&amp;quot;:&amp;quot;timeman_entry&amp;quot;},{&amp;quot;NAME&amp;quot;:&amp;quot;Work reports&amp;quot;,&amp;quot;VALUE&amp;quot;:&amp;quot;report&amp;quot;},{&amp;quot;NAME&amp;quot;:&amp;quot;Calendar&amp;quot;,&amp;quot;VALUE&amp;quot;:&amp;quot;calendar&amp;quot;},{&amp;quot;NAME&amp;quot;:&amp;quot;External source data&amp;quot;,&amp;quot;VALUE&amp;quot;:&amp;quot;data&amp;quot;},{&amp;quot;NAME&amp;quot;:&amp;quot;Photo gallery&amp;quot;,&amp;quot;VALUE&amp;quot;:&amp;quot;photo&amp;quot;},{&amp;quot;NAME&amp;quot;:&amp;quot;Wiki&amp;quot;,&amp;quot;VALUE&amp;quot;:&amp;quot;wiki&amp;quot;},{&amp;quot;NAME&amp;quot;:&amp;quot;Workflows&amp;quot;,&amp;quot;VALUE&amp;quot;:&amp;quot;lists_new_element&amp;quot;}]&quot; data-value=&quot;[]&quot; class=&quot;main-ui-control main-ui-multi-select&quot;&gt;...&lt;/div&gt; is not clickable at point (1200, 507). Other element would receive the click: &lt;div data-id=&quot;field_EXTRANET&quot; data-name=&quot;EXTRANET&quot; data-item=&quot;{&amp;quot;ID&amp;quot;:&amp;quot;field_EXTRANET&amp;quot;,&amp;quot;TYPE&amp;quot;:&amp;quot;SELECT&amp;quot;,&amp;quot;NAME&amp;quot;:&amp;quot;EXTRANET&amp;quot;,&amp;quot;VALUE&amp;quot;:{&amp;quot;NAME&amp;quot;:&amp;quot;Not specified&amp;quot;,&amp;quot;VALUE&amp;quot;:&amp;quot;&amp;quot;},&amp;quot;PLACEHOLDER&amp;quot;:&amp;quot;&amp;quot;,&amp;quot;LABEL&amp;quot;:&amp;quot;Extranet&amp;quot;,&amp;quot;ITEMS&amp;quot;:[{&amp;quot;NAME&amp;quot;:&amp;quot;Not specified&amp;quot;,&amp;quot;VALUE&amp;quot;:&amp;quot;&amp;quot;},{&amp;quot;NAME&amp;quot;:&amp;quot;Yes&amp;quot;,&amp;quot;VALUE&amp;quot;:&amp;quot;Y&amp;quot;},{&amp;quot;NAME&amp;quot;:&amp;quot;No&amp;quot;,&amp;quot;VALUE&amp;quot;:&amp;quot;N&amp;quot;}],&amp;quot;PARAMS&amp;quot;:{&amp;quot;isMulti&amp;quot;:false},&amp;quot;STRICT&amp;quot;:false}&quot; class=&quot;main-ui-filter-field-list-item main-ui-select-inner-item main-ui-checked&quot;&gt;...&lt;/div&gt;&#10;  (Session info: chrome=103.0.5060.134)&#10;Build info: version: &apos;4.2.1&apos;, revision: &apos;ac4d0fdd4a&apos;&#10;System info: host: &apos;DESKTOP-7QBIO4H&apos;, ip: &apos;192.168.1.38&apos;, os.name: &apos;Windows 10&apos;, os.arch: &apos;amd64&apos;, os.version: &apos;10.0&apos;, java.version: &apos;11.0.12&apos;&#10;Driver info: org.openqa.selenium.chrome.ChromeDriver&#10;Command: [2ad3e934b5897a52c003ffb84c974694, clickElement {id=58acaa92-f384-4795-8fa5-554f180355d3}]&#10;Capabilities {acceptInsecureCerts: false, browserName: chrome, browserVersion: 103.0.5060.134, chrome: {chromedriverVersion: 103.0.5060.134 (8ec6fce403b..., userDataDir: C:\Users\Mehmet\AppData\Loc...}, goog:chromeOptions: {debuggerAddress: localhost:62558}, networkConnectionEnabled: false, pageLoadStrategy: normal, platformName: WINDOWS, proxy: Proxy(), se:cdp: ws://localhost:62558/devtoo..., se:cdpVersion: 103.0.5060.134, setWindowRect: true, strictFileInteractability: false, timeouts: {implicit: 0, pageLoad: 300000, script: 30000}, unhandledPromptBehavior: dismiss and notify, webauthn:extension:credBlob: true, webauthn:extension:largeBlob: true, webauthn:virtualAuthenticators: true}&#10;Element: [[ChromeDriver: chrome on WINDOWS (2ad3e934b5897a52c003ffb84c974694)] -&gt; xpath: //div[@class=&apos;main-ui-control main-ui-multi-select&apos;]]&#10;Session ID: 2ad3e934b5897a52c003ffb84c974694" type="org.openqa.selenium.ElementClickInterceptedException"><![CDATA[org.openqa.selenium.ElementClickInterceptedException: 
element click intercepted: Element <div data-name="EVENT_ID" data-params="{&quot;isMulti&quot;:true}" data-items="[{&quot;NAME&quot;:&quot;Posts&quot;,&quot;VALUE&quot;:&quot;blog_post&quot;},{&quot;NAME&quot;:&quot;Announcements&quot;,&quot;VALUE&quot;:&quot;blog_post_important&quot;},{&quot;NAME&quot;:&quot;Appreciations&quot;,&quot;VALUE&quot;:&quot;blog_post_grat&quot;},{&quot;NAME&quot;:&quot;Polls&quot;,&quot;VALUE&quot;:&quot;blog_post_vote&quot;},{&quot;NAME&quot;:&quot;Conversations&quot;,&quot;VALUE&quot;:&quot;forum&quot;},{&quot;NAME&quot;:&quot;Tasks&quot;,&quot;VALUE&quot;:&quot;tasks&quot;},{&quot;NAME&quot;:&quot;Working time management&quot;,&quot;VALUE&quot;:&quot;timeman_entry&quot;},{&quot;NAME&quot;:&quot;Work reports&quot;,&quot;VALUE&quot;:&quot;report&quot;},{&quot;NAME&quot;:&quot;Calendar&quot;,&quot;VALUE&quot;:&quot;calendar&quot;},{&quot;NAME&quot;:&quot;External source data&quot;,&quot;VALUE&quot;:&quot;data&quot;},{&quot;NAME&quot;:&quot;Photo gallery&quot;,&quot;VALUE&quot;:&quot;photo&quot;},{&quot;NAME&quot;:&quot;Wiki&quot;,&quot;VALUE&quot;:&quot;wiki&quot;},{&quot;NAME&quot;:&quot;Workflows&quot;,&quot;VALUE&quot;:&quot;lists_new_element&quot;}]" data-value="[]" class="main-ui-control main-ui-multi-select">...</div> is not clickable at point (1200, 507). Other element would receive the click: <div data-id="field_EXTRANET" data-name="EXTRANET" data-item="{&quot;ID&quot;:&quot;field_EXTRANET&quot;,&quot;TYPE&quot;:&quot;SELECT&quot;,&quot;NAME&quot;:&quot;EXTRANET&quot;,&quot;VALUE&quot;:{&quot;NAME&quot;:&quot;Not specified&quot;,&quot;VALUE&quot;:&quot;&quot;},&quot;PLACEHOLDER&quot;:&quot;&quot;,&quot;LABEL&quot;:&quot;Extranet&quot;,&quot;ITEMS&quot;:[{&quot;NAME&quot;:&quot;Not specified&quot;,&quot;VALUE&quot;:&quot;&quot;},{&quot;NAME&quot;:&quot;Yes&quot;,&quot;VALUE&quot;:&quot;Y&quot;},{&quot;NAME&quot;:&quot;No&quot;,&quot;VALUE&quot;:&quot;N&quot;}],&quot;PARAMS&quot;:{&quot;isMulti&quot;:false},&quot;STRICT&quot;:false}" class="main-ui-filter-field-list-item main-ui-select-inner-item main-ui-checked">...</div>
  (Session info: chrome=103.0.5060.134)
Build info: version: '4.2.1', revision: 'ac4d0fdd4a'
System info: host: 'DESKTOP-7QBIO4H', ip: '192.168.1.38', os.name: 'Windows 10', os.arch: 'amd64', os.version: '10.0', java.version: '11.0.12'
Driver info: org.openqa.selenium.chrome.ChromeDriver
Command: [2ad3e934b5897a52c003ffb84c974694, clickElement {id=58acaa92-f384-4795-8fa5-554f180355d3}]
Capabilities {acceptInsecureCerts: false, browserName: chrome, browserVersion: 103.0.5060.134, chrome: {chromedriverVersion: 103.0.5060.134 (8ec6fce403b..., userDataDir: C:\Users\Mehmet\AppData\Loc...}, goog:chromeOptions: {debuggerAddress: localhost:62558}, networkConnectionEnabled: false, pageLoadStrategy: normal, platformName: WINDOWS, proxy: Proxy(), se:cdp: ws://localhost:62558/devtoo..., se:cdpVersion: 103.0.5060.134, setWindowRect: true, strictFileInteractability: false, timeouts: {implicit: 0, pageLoad: 300000, script: 30000}, unhandledPromptBehavior: dismiss and notify, webauthn:extension:credBlob: true, webauthn:extension:largeBlob: true, webauthn:virtualAuthenticators: true}
Element: [[ChromeDriver: chrome on WINDOWS (2ad3e934b5897a52c003ffb84c974694)] -> xpath: //div[@class='main-ui-control main-ui-multi-select']]
Session ID: 2ad3e934b5897a52c003ffb84c974694
]]></error>
    <system-out><![CDATA[Url = https://qa.azulcrm.com/stream/?login=yes
]]></system-out>
    <system-err><![CDATA[[pool-2-thread-1] INFO io.github.bonigarcia.wdm.WebDriverManager - Using chromedriver 103.0.5060.134 (resolved driver for Chrome 103)
[pool-2-thread-1] INFO io.github.bonigarcia.wdm.WebDriverManager - Exporting webdriver.chrome.driver as C:\Users\Mehmet\.cache\selenium\chromedriver\win32\103.0.5060.134\chromedriver.exe
Starting ChromeDriver 103.0.5060.134 (8ec6fce403b3feb0869b0732eda8bd95011d333c-refs/branch-heads/5060@{#1262}) on port 52949
Only local connections are allowed.
Please see https://chromedriver.chromium.org/security-considerations for suggestions on keeping ChromeDriver safe.
ChromeDriver was started successfully.
Ağu 01, 2022 8:00:09 ÖS org.openqa.selenium.remote.ProtocolHandshake createSession
INFO: Detected upstream dialect: W3C
Ağu 01, 2022 8:00:09 ÖS org.openqa.selenium.devtools.CdpVersionFinder findNearestMatch
WARNING: Unable to find an exact match for CDP version 103, so returning the closest version found: 102
Ağu 01, 2022 8:00:09 ÖS org.openqa.selenium.devtools.CdpVersionFinder findNearestMatch
INFO: Found CDP implementation for version 103 of 102
]]></system-err>
  </testcase>
  <testcase name="User should be able to save the filter. #1" classname="Activity Stream Page Filter And Search Functionality #2" time="8.289">
    <system-out><![CDATA[Url = https://qa.azulcrm.com/stream/?login=yes
]]></system-out>
    <system-err><![CDATA[[pool-2-thread-1] INFO io.github.bonigarcia.wdm.WebDriverManager - Using chromedriver 103.0.5060.134 (resolved driver for Chrome 103)
[pool-2-thread-1] INFO io.github.bonigarcia.wdm.WebDriverManager - Exporting webdriver.chrome.driver as C:\Users\Mehmet\.cache\selenium\chromedriver\win32\103.0.5060.134\chromedriver.exe
Starting ChromeDriver 103.0.5060.134 (8ec6fce403b3feb0869b0732eda8bd95011d333c-refs/branch-heads/5060@{#1262}) on port 55870
Only local connections are allowed.
Please see https://chromedriver.chromium.org/security-considerations for suggestions on keeping ChromeDriver safe.
ChromeDriver was started successfully.
Ağu 01, 2022 8:00:24 ÖS org.openqa.selenium.remote.ProtocolHandshake createSession
INFO: Detected upstream dialect: W3C
Ağu 01, 2022 8:00:24 ÖS org.openqa.selenium.devtools.CdpVersionFinder findNearestMatch
WARNING: Unable to find an exact match for CDP version 103, so returning the closest version found: 102
Ağu 01, 2022 8:00:24 ÖS org.openqa.selenium.devtools.CdpVersionFinder findNearestMatch
INFO: Found CDP implementation for version 103 of 102
]]></system-err>
  </testcase>
  <testcase name="User should be able to save the filter. #2" classname="Activity Stream Page Filter And Search Functionality #2" time="7.856">
    <system-out><![CDATA[Url = https://qa.azulcrm.com/stream/?login=yes
]]></system-out>
    <system-err><![CDATA[[pool-2-thread-1] INFO io.github.bonigarcia.wdm.WebDriverManager - Using chromedriver 103.0.5060.134 (resolved driver for Chrome 103)
[pool-2-thread-1] INFO io.github.bonigarcia.wdm.WebDriverManager - Exporting webdriver.chrome.driver as C:\Users\Mehmet\.cache\selenium\chromedriver\win32\103.0.5060.134\chromedriver.exe
Starting ChromeDriver 103.0.5060.134 (8ec6fce403b3feb0869b0732eda8bd95011d333c-refs/branch-heads/5060@{#1262}) on port 51648
Only local connections are allowed.
Please see https://chromedriver.chromium.org/security-considerations for suggestions on keeping ChromeDriver safe.
ChromeDriver was started successfully.
Ağu 01, 2022 8:00:32 ÖS org.openqa.selenium.remote.ProtocolHandshake createSession
INFO: Detected upstream dialect: W3C
Ağu 01, 2022 8:00:32 ÖS org.openqa.selenium.devtools.CdpVersionFinder findNearestMatch
WARNING: Unable to find an exact match for CDP version 103, so returning the closest version found: 102
Ağu 01, 2022 8:00:32 ÖS org.openqa.selenium.devtools.CdpVersionFinder findNearestMatch
INFO: Found CDP implementation for version 103 of 102
]]></system-err>
  </testcase>
  <testcase name="User should be able to restore the default field." classname="Activity Stream Page Filter And Search Functionality #2" time="20.135">
    <system-out><![CDATA[Url = https://qa.azulcrm.com/stream/?login=yes
]]></system-out>
    <system-err><![CDATA[[pool-2-thread-1] INFO io.github.bonigarcia.wdm.WebDriverManager - Using chromedriver 103.0.5060.134 (resolved driver for Chrome 103)
[pool-2-thread-1] INFO io.github.bonigarcia.wdm.WebDriverManager - Exporting webdriver.chrome.driver as C:\Users\Mehmet\.cache\selenium\chromedriver\win32\103.0.5060.134\chromedriver.exe
Starting ChromeDriver 103.0.5060.134 (8ec6fce403b3feb0869b0732eda8bd95011d333c-refs/branch-heads/5060@{#1262}) on port 60360
Only local connections are allowed.
Please see https://chromedriver.chromium.org/security-considerations for suggestions on keeping ChromeDriver safe.
ChromeDriver was started successfully.
Ağu 01, 2022 8:00:40 ÖS org.openqa.selenium.remote.ProtocolHandshake createSession
INFO: Detected upstream dialect: W3C
Ağu 01, 2022 8:00:40 ÖS org.openqa.selenium.devtools.CdpVersionFinder findNearestMatch
WARNING: Unable to find an exact match for CDP version 103, so returning the closest version found: 102
Ağu 01, 2022 8:00:40 ÖS org.openqa.selenium.devtools.CdpVersionFinder findNearestMatch
INFO: Found CDP implementation for version 103 of 102
]]></system-err>
  </testcase>
  <testcase name="User should be able to reset filters to default." classname="Activity Stream Page Filter And Search Functionality #2" time="9.329">
    <system-out><![CDATA[Url = https://qa.azulcrm.com/stream/?login=yes
[WORKFLOWS, ANNOUNCEMENTS, MY ACTIVITY, FAVORITES, , , MEHMET07, MEHMET53, WORK]
]]></system-out>
    <system-err><![CDATA[[pool-2-thread-1] INFO io.github.bonigarcia.wdm.WebDriverManager - Using chromedriver 103.0.5060.134 (resolved driver for Chrome 103)
[pool-2-thread-1] INFO io.github.bonigarcia.wdm.WebDriverManager - Exporting webdriver.chrome.driver as C:\Users\Mehmet\.cache\selenium\chromedriver\win32\103.0.5060.134\chromedriver.exe
Starting ChromeDriver 103.0.5060.134 (8ec6fce403b3feb0869b0732eda8bd95011d333c-refs/branch-heads/5060@{#1262}) on port 50148
Only local connections are allowed.
Please see https://chromedriver.chromium.org/security-considerations for suggestions on keeping ChromeDriver safe.
ChromeDriver was started successfully.
Ağu 01, 2022 8:01:00 ÖS org.openqa.selenium.remote.ProtocolHandshake createSession
INFO: Detected upstream dialect: W3C
Ağu 01, 2022 8:01:00 ÖS org.openqa.selenium.devtools.CdpVersionFinder findNearestMatch
WARNING: Unable to find an exact match for CDP version 103, so returning the closest version found: 102
Ağu 01, 2022 8:01:00 ÖS org.openqa.selenium.devtools.CdpVersionFinder findNearestMatch
INFO: Found CDP implementation for version 103 of 102
]]></system-err>
  </testcase>
</testsuite>